# JRE version: OpenJDK Runtime Environment (21.0.4) (build 21.0.4+-12508038-b607.1)
# Java VM: OpenJDK 64-Bit Server VM (21.0.4+-12508038-b607.1, mixed mode, tiered, compressed oops, compressed class ptrs, g1 gc, windows-amd64)
GC Precious Log:
 CardTable entry size: 512
 Card Set container configuration: InlinePtr #cards 4 size 8 Array Of Cards #cards 16 size 48 Howl #buckets 8 coarsen threshold 3686 Howl Bitmap #cards 512 size 80 coarsen threshold 460 Card regions per heap region 1 cards per card region 4096
 CPUs: 4 total, 4 available
 Memory: 16259M
 Large Page Support: Disabled
 NUMA Support: Disabled
 Compressed Oops: Enabled (Zero based)
 Heap Region Size: 2M
 Heap Min Capacity: 8M
 Heap Initial Capacity: 256M
 Heap Max Capacity: 4066M
 Pre-touch: Disabled
 Parallel Workers: 4
 Concurrent Workers: 1
 Concurrent Refinement Workers: 4
 Periodic GC: Disabled
Heap:
 garbage-first heap   total 137216K, used 89857K [0x0000000701e00000, 0x0000000800000000)
  region size 2048K, 6 young (12288K), 3 survivors (6144K)
 Metaspace       used 66585K, committed 67392K, reserved 1114112K
  class space    used 7262K, committed 7680K, reserved 1048576K
GC Heap History (20 events):
Event: 13.282 GC heap before
{Heap before GC invocations=17 (full 0):
 garbage-first heap   total 100352K, used 85186K [0x0000000701e00000, 0x0000000800000000)
  region size 2048K, 14 young (28672K), 2 survivors (4096K)
 Metaspace       used 54149K, committed 54848K, reserved 1114112K
  class space    used 6145K, committed 6464K, reserved 1048576K
}
Event: 13.293 GC heap after
{Heap after GC invocations=18 (full 0):
 garbage-first heap   total 137216K, used 60562K [0x0000000701e00000, 0x0000000800000000)
  region size 2048K, 1 young (2048K), 1 survivors (2048K)
 Metaspace       used 54149K, committed 54848K, reserved 1114112K
  class space    used 6145K, committed 6464K, reserved 1048576K
}
Event: 13.614 GC heap before
{Heap before GC invocations=18 (full 0):
 garbage-first heap   total 137216K, used 109714K [0x0000000701e00000, 0x0000000800000000)
  region size 2048K, 25 young (51200K), 1 survivors (2048K)
 Metaspace       used 54153K, committed 54848K, reserved 1114112K
  class space    used 6145K, committed 6464K, reserved 1048576K
}
Event: 13.616 GC heap after
{Heap after GC invocations=19 (full 0):
 garbage-first heap   total 137216K, used 60099K [0x0000000701e00000, 0x0000000800000000)
  region size 2048K, 1 young (2048K), 1 survivors (2048K)
 Metaspace       used 54153K, committed 54848K, reserved 1114112K
  class space    used 6145K, committed 6464K, reserved 1048576K
}
Event: 13.768 GC heap before
{Heap before GC invocations=19 (full 0):
 garbage-first heap   total 137216K, used 113347K [0x0000000701e00000, 0x0000000800000000)
  region size 2048K, 27 young (55296K), 1 survivors (2048K)
 Metaspace       used 54167K, committed 54848K, reserved 1114112K
  class space    used 6146K, committed 6464K, reserved 1048576K
}
Event: 13.769 GC heap after
{Heap after GC invocations=20 (full 0):
 garbage-first heap   total 137216K, used 59985K [0x0000000701e00000, 0x0000000800000000)
  region size 2048K, 1 young (2048K), 1 survivors (2048K)
 Metaspace       used 54167K, committed 54848K, reserved 1114112K
  class space    used 6146K, committed 6464K, reserved 1048576K
}
Event: 14.610 GC heap before
{Heap before GC invocations=20 (full 0):
 garbage-first heap   total 137216K, used 119377K [0x0000000701e00000, 0x0000000800000000)
  region size 2048K, 30 young (61440K), 1 survivors (2048K)
 Metaspace       used 56268K, committed 56960K, reserved 1114112K
  class space    used 6393K, committed 6720K, reserved 1048576K
}
Event: 14.616 GC heap after
{Heap after GC invocations=21 (full 0):
 garbage-first heap   total 137216K, used 61453K [0x0000000701e00000, 0x0000000800000000)
  region size 2048K, 1 young (2048K), 1 survivors (2048K)
 Metaspace       used 56268K, committed 56960K, reserved 1114112K
  class space    used 6393K, committed 6720K, reserved 1048576K
}
Event: 18.596 GC heap before
{Heap before GC invocations=22 (full 0):
 garbage-first heap   total 137216K, used 122893K [0x0000000701e00000, 0x0000000800000000)
  region size 2048K, 31 young (63488K), 1 survivors (2048K)
 Metaspace       used 62719K, committed 63488K, reserved 1114112K
  class space    used 7031K, committed 7424K, reserved 1048576K
}
Event: 18.619 GC heap after
{Heap after GC invocations=23 (full 0):
 garbage-first heap   total 137216K, used 69698K [0x0000000701e00000, 0x0000000800000000)
  region size 2048K, 4 young (8192K), 4 survivors (8192K)
 Metaspace       used 62719K, committed 63488K, reserved 1114112K
  class space    used 7031K, committed 7424K, reserved 1048576K
}
Event: 22.314 GC heap before
{Heap before GC invocations=23 (full 0):
 garbage-first heap   total 137216K, used 118850K [0x0000000701e00000, 0x0000000800000000)
  region size 2048K, 28 young (57344K), 4 survivors (8192K)
 Metaspace       used 65170K, committed 65984K, reserved 1114112K
  class space    used 7216K, committed 7616K, reserved 1048576K
}
Event: 22.346 GC heap after
{Heap after GC invocations=24 (full 0):
 garbage-first heap   total 137216K, used 74571K [0x0000000701e00000, 0x0000000800000000)
  region size 2048K, 3 young (6144K), 3 survivors (6144K)
 Metaspace       used 65170K, committed 65984K, reserved 1114112K
  class space    used 7216K, committed 7616K, reserved 1048576K
}
Event: 24.297 GC heap before
{Heap before GC invocations=24 (full 0):
 garbage-first heap   total 137216K, used 93003K [0x0000000701e00000, 0x0000000800000000)
  region size 2048K, 13 young (26624K), 3 survivors (6144K)
 Metaspace       used 65428K, committed 66240K, reserved 1114112K
  class space    used 7222K, committed 7616K, reserved 1048576K
}
Event: 24.311 GC heap after
{Heap after GC invocations=25 (full 0):
 garbage-first heap   total 137216K, used 75787K [0x0000000701e00000, 0x0000000800000000)
  region size 2048K, 1 young (2048K), 1 survivors (2048K)
 Metaspace       used 65428K, committed 66240K, reserved 1114112K
  class space    used 7222K, committed 7616K, reserved 1048576K
}
Event: 28.772 GC heap before
{Heap before GC invocations=26 (full 0):
 garbage-first heap   total 137216K, used 124939K [0x0000000701e00000, 0x0000000800000000)
  region size 2048K, 24 young (49152K), 1 survivors (2048K)
 Metaspace       used 65966K, committed 66752K, reserved 1114112K
  class space    used 7235K, committed 7616K, reserved 1048576K
}
Event: 28.786 GC heap after
{Heap after GC invocations=27 (full 0):
 garbage-first heap   total 137216K, used 81179K [0x0000000701e00000, 0x0000000800000000)
  region size 2048K, 3 young (6144K), 3 survivors (6144K)
 Metaspace       used 65966K, committed 66752K, reserved 1114112K
  class space    used 7235K, committed 7616K, reserved 1048576K
}
Event: 31.042 GC heap before
{Heap before GC invocations=27 (full 0):
 garbage-first heap   total 137216K, used 120091K [0x0000000701e00000, 0x0000000800000000)
  region size 2048K, 22 young (45056K), 3 survivors (6144K)
 Metaspace       used 66373K, committed 67136K, reserved 1114112K
  class space    used 7259K, committed 7616K, reserved 1048576K
}
Event: 31.065 GC heap after
{Heap after GC invocations=28 (full 0):
 garbage-first heap   total 137216K, used 83355K [0x0000000701e00000, 0x0000000800000000)
  region size 2048K, 2 young (4096K), 2 survivors (4096K)
 Metaspace       used 66373K, committed 67136K, reserved 1114112K
  class space    used 7259K, committed 7616K, reserved 1048576K
}
Event: 32.706 GC heap before
{Heap before GC invocations=28 (full 0):
 garbage-first heap   total 137216K, used 122267K [0x0000000701e00000, 0x0000000800000000)
  region size 2048K, 21 young (43008K), 2 survivors (4096K)
 Metaspace       used 66538K, committed 67328K, reserved 1114112K
  class space    used 7262K, committed 7680K, reserved 1048576K
}
Event: 32.719 GC heap after
{Heap after GC invocations=29 (full 0):
 garbage-first heap   total 137216K, used 85761K [0x0000000701e00000, 0x0000000800000000)
  region size 2048K, 3 young (6144K), 3 survivors (6144K)
 Metaspace       used 66538K, committed 67328K, reserved 1114112K
  class space    used 7262K, committed 7680K, reserved 1048576K
}

