# JRE version: OpenJDK Runtime Environment (21.0.4) (build 21.0.4+-12508038-b607.1)
# Java VM: OpenJDK 64-Bit Server VM (21.0.4+-12508038-b607.1, mixed mode, tiered, compressed oops, compressed class ptrs, g1 gc, windows-amd64)
GC Precious Log:
 CardTable entry size: 512
 Card Set container configuration: InlinePtr #cards 5 size 8 Array Of Cards #cards 12 size 40 Howl #buckets 4 coarsen threshold 1843 Howl Bitmap #cards 512 size 80 coarsen threshold 460 Card regions per heap region 1 cards per card region 2048
 CPUs: 4 total, 4 available
 Memory: 16259M
 Large Page Support: Disabled
 NUMA Support: Disabled
 Compressed Oops: Enabled (32-bit)
 Heap Region Size: 1M
 Heap Min Capacity: 8M
 Heap Initial Capacity: 256M
 Heap Max Capacity: 2G
 Pre-touch: Disabled
 Parallel Workers: 4
 Concurrent Workers: 1
 Concurrent Refinement Workers: 4
 Periodic GC: Disabled
Heap:
 garbage-first heap   total 367616K, used 206153K [0x0000000080000000, 0x0000000100000000)
  region size 1024K, 27 young (27648K), 11 survivors (11264K)
 Metaspace       used 167260K, committed 169856K, reserved 1245184K
  class space    used 21852K, committed 23168K, reserved 1048576K
GC Heap History (20 events):
Event: 608.745 GC heap before
{Heap before GC invocations=57 (full 0):
 garbage-first heap   total 336896K, used 321761K [0x0000000080000000, 0x0000000100000000)
  region size 1024K, 155 young (158720K), 9 survivors (9216K)
 Metaspace       used 163652K, committed 166144K, reserved 1245184K
  class space    used 21771K, committed 23040K, reserved 1048576K
}
Event: 608.766 GC heap after
{Heap after GC invocations=58 (full 0):
 garbage-first heap   total 336896K, used 156897K [0x0000000080000000, 0x0000000100000000)
  region size 1024K, 10 young (10240K), 10 survivors (10240K)
 Metaspace       used 163652K, committed 166144K, reserved 1245184K
  class space    used 21771K, committed 23040K, reserved 1048576K
}
Event: 617.477 GC heap before
{Heap before GC invocations=58 (full 0):
 garbage-first heap   total 336896K, used 324833K [0x0000000080000000, 0x0000000100000000)
  region size 1024K, 158 young (161792K), 10 survivors (10240K)
 Metaspace       used 164373K, committed 166848K, reserved 1245184K
  class space    used 21780K, committed 23040K, reserved 1048576K
}
Event: 617.515 GC heap after
{Heap after GC invocations=59 (full 0):
 garbage-first heap   total 346112K, used 159851K [0x0000000080000000, 0x0000000100000000)
  region size 1024K, 18 young (18432K), 18 survivors (18432K)
 Metaspace       used 164373K, committed 166848K, reserved 1245184K
  class space    used 21780K, committed 23040K, reserved 1048576K
}
Event: 737.686 GC heap before
{Heap before GC invocations=59 (full 0):
 garbage-first heap   total 346112K, used 307307K [0x0000000080000000, 0x0000000100000000)
  region size 1024K, 163 young (166912K), 18 survivors (18432K)
 Metaspace       used 165060K, committed 167680K, reserved 1245184K
  class space    used 21843K, committed 23168K, reserved 1048576K
}
Event: 737.719 GC heap after
{Heap after GC invocations=60 (full 0):
 garbage-first heap   total 346112K, used 157176K [0x0000000080000000, 0x0000000100000000)
  region size 1024K, 10 young (10240K), 10 survivors (10240K)
 Metaspace       used 165060K, committed 167680K, reserved 1245184K
  class space    used 21843K, committed 23168K, reserved 1048576K
}
Event: 744.768 GC heap before
{Heap before GC invocations=61 (full 0):
 garbage-first heap   total 346112K, used 323064K [0x0000000080000000, 0x0000000100000000)
  region size 1024K, 165 young (168960K), 10 survivors (10240K)
 Metaspace       used 165899K, committed 168512K, reserved 1245184K
  class space    used 21842K, committed 23168K, reserved 1048576K
}
Event: 744.799 GC heap after
{Heap after GC invocations=62 (full 0):
 garbage-first heap   total 346112K, used 169556K [0x0000000080000000, 0x0000000100000000)
  region size 1024K, 20 young (20480K), 20 survivors (20480K)
 Metaspace       used 165899K, committed 168512K, reserved 1245184K
  class space    used 21842K, committed 23168K, reserved 1048576K
}
Event: 812.490 GC heap before
{Heap before GC invocations=62 (full 0):
 garbage-first heap   total 346112K, used 323156K [0x0000000080000000, 0x0000000100000000)
  region size 1024K, 154 young (157696K), 20 survivors (20480K)
 Metaspace       used 166292K, committed 168832K, reserved 1245184K
  class space    used 21849K, committed 23168K, reserved 1048576K
}
Event: 812.533 GC heap after
{Heap after GC invocations=63 (full 0):
 garbage-first heap   total 347136K, used 163247K [0x0000000080000000, 0x0000000100000000)
  region size 1024K, 9 young (9216K), 9 survivors (9216K)
 Metaspace       used 166292K, committed 168832K, reserved 1245184K
  class space    used 21849K, committed 23168K, reserved 1048576K
}
Event: 816.872 GC heap before
{Heap before GC invocations=63 (full 0):
 garbage-first heap   total 347136K, used 213423K [0x0000000080000000, 0x0000000100000000)
  region size 1024K, 60 young (61440K), 9 survivors (9216K)
 Metaspace       used 166427K, committed 169024K, reserved 1245184K
  class space    used 21851K, committed 23168K, reserved 1048576K
}
Event: 816.891 GC heap after
{Heap after GC invocations=64 (full 0):
 garbage-first heap   total 347136K, used 166318K [0x0000000080000000, 0x0000000100000000)
  region size 1024K, 12 young (12288K), 12 survivors (12288K)
 Metaspace       used 166427K, committed 169024K, reserved 1245184K
  class space    used 21851K, committed 23168K, reserved 1048576K
}
Event: 1118.630 GC heap before
{Heap before GC invocations=65 (full 0):
 garbage-first heap   total 347136K, used 324014K [0x0000000080000000, 0x0000000100000000)
  region size 1024K, 151 young (154624K), 12 survivors (12288K)
 Metaspace       used 166425K, committed 169024K, reserved 1245184K
  class space    used 21831K, committed 23168K, reserved 1048576K
}
Event: 1118.708 GC heap after
{Heap after GC invocations=66 (full 0):
 garbage-first heap   total 367616K, used 195584K [0x0000000080000000, 0x0000000100000000)
  region size 1024K, 19 young (19456K), 19 survivors (19456K)
 Metaspace       used 166425K, committed 169024K, reserved 1245184K
  class space    used 21831K, committed 23168K, reserved 1048576K
}
Event: 1123.243 GC heap before
{Heap before GC invocations=66 (full 0):
 garbage-first heap   total 367616K, used 327680K [0x0000000080000000, 0x0000000100000000)
  region size 1024K, 134 young (137216K), 19 survivors (19456K)
 Metaspace       used 166644K, committed 169216K, reserved 1245184K
  class space    used 21831K, committed 23168K, reserved 1048576K
}
Event: 1123.310 GC heap after
{Heap after GC invocations=67 (full 0):
 garbage-first heap   total 367616K, used 195072K [0x0000000080000000, 0x0000000100000000)
  region size 1024K, 5 young (5120K), 5 survivors (5120K)
 Metaspace       used 166644K, committed 169216K, reserved 1245184K
  class space    used 21831K, committed 23168K, reserved 1048576K
}
Event: 1124.578 GC heap before
{Heap before GC invocations=67 (full 0):
 garbage-first heap   total 367616K, used 214528K [0x0000000080000000, 0x0000000100000000)
  region size 1024K, 25 young (25600K), 5 survivors (5120K)
 Metaspace       used 166685K, committed 169216K, reserved 1245184K
  class space    used 21831K, committed 23168K, reserved 1048576K
}
Event: 1124.588 GC heap after
{Heap after GC invocations=68 (full 0):
 garbage-first heap   total 367616K, used 195784K [0x0000000080000000, 0x0000000100000000)
  region size 1024K, 6 young (6144K), 6 survivors (6144K)
 Metaspace       used 166685K, committed 169216K, reserved 1245184K
  class space    used 21831K, committed 23168K, reserved 1048576K
}
Event: 1127.791 GC heap before
{Heap before GC invocations=69 (full 0):
 garbage-first heap   total 367616K, used 321736K [0x0000000080000000, 0x0000000100000000)
  region size 1024K, 133 young (136192K), 6 survivors (6144K)
 Metaspace       used 167254K, committed 169792K, reserved 1245184K
  class space    used 21852K, committed 23168K, reserved 1048576K
}
Event: 1127.807 GC heap after
{Heap after GC invocations=70 (full 0):
 garbage-first heap   total 367616K, used 190793K [0x0000000080000000, 0x0000000100000000)
  region size 1024K, 11 young (11264K), 11 survivors (11264K)
 Metaspace       used 167254K, committed 169792K, reserved 1245184K
  class space    used 21852K, committed 23168K, reserved 1048576K
}

