# JRE version: OpenJDK Runtime Environment (21.0.4) (build 21.0.4+-12508038-b607.1)
# Java VM: OpenJDK 64-Bit Server VM (21.0.4+-12508038-b607.1, mixed mode, tiered, compressed oops, compressed class ptrs, g1 gc, windows-amd64)
GC Precious Log:
 CardTable entry size: 512
 Card Set container configuration: InlinePtr #cards 5 size 8 Array Of Cards #cards 12 size 40 Howl #buckets 4 coarsen threshold 1843 Howl Bitmap #cards 512 size 80 coarsen threshold 460 Card regions per heap region 1 cards per card region 2048
 CPUs: 4 total, 4 available
 Memory: 16259M
 Large Page Support: Disabled
 NUMA Support: Disabled
 Compressed Oops: Enabled (32-bit)
 Heap Region Size: 1M
 Heap Min Capacity: 8M
 Heap Initial Capacity: 256M
 Heap Max Capacity: 2G
 Pre-touch: Disabled
 Parallel Workers: 4
 Concurrent Workers: 1
 Concurrent Refinement Workers: 4
 Periodic GC: Disabled
Heap:
 garbage-first heap   total 385024K, used 243641K [0x0000000080000000, 0x0000000100000000)
  region size 1024K, 37 young (37888K), 18 survivors (18432K)
 Metaspace       used 190270K, committed 192000K, reserved 1245184K
  class space    used 24465K, committed 25344K, reserved 1048576K
GC Heap History (20 events):
Event: 1060.222 GC heap before
{Heap before GC invocations=90 (full 0):
 garbage-first heap   total 357376K, used 322371K [0x0000000080000000, 0x0000000100000000)
  region size 1024K, 134 young (137216K), 11 survivors (11264K)
 Metaspace       used 171929K, committed 174400K, reserved 1245184K
  class space    used 22384K, committed 23616K, reserved 1048576K
}
Event: 1060.254 GC heap after
{Heap after GC invocations=91 (full 0):
 garbage-first heap   total 357376K, used 184386K [0x0000000080000000, 0x0000000100000000)
  region size 1024K, 10 young (10240K), 10 survivors (10240K)
 Metaspace       used 171929K, committed 174400K, reserved 1245184K
  class space    used 22384K, committed 23616K, reserved 1048576K
}
Event: 2007.382 GC heap before
{Heap before GC invocations=91 (full 0):
 garbage-first heap   total 363520K, used 361538K [0x0000000080000000, 0x0000000100000000)
  region size 1024K, 138 young (141312K), 10 survivors (10240K)
 Metaspace       used 175959K, committed 178496K, reserved 1245184K
  class space    used 22868K, committed 24128K, reserved 1048576K
}
Event: 2007.446 GC heap after
{Heap after GC invocations=92 (full 0):
 garbage-first heap   total 385024K, used 197036K [0x0000000080000000, 0x0000000100000000)
  region size 1024K, 19 young (19456K), 19 survivors (19456K)
 Metaspace       used 175959K, committed 178496K, reserved 1245184K
  class space    used 22868K, committed 24128K, reserved 1048576K
}
Event: 2009.687 GC heap before
{Heap before GC invocations=92 (full 0):
 garbage-first heap   total 385024K, used 271788K [0x0000000080000000, 0x0000000100000000)
  region size 1024K, 94 young (96256K), 19 survivors (19456K)
 Metaspace       used 178312K, committed 180928K, reserved 1245184K
  class space    used 23220K, committed 24576K, reserved 1048576K
}
Event: 2009.729 GC heap after
{Heap after GC invocations=93 (full 0):
 garbage-first heap   total 385024K, used 204219K [0x0000000080000000, 0x0000000100000000)
  region size 1024K, 8 young (8192K), 8 survivors (8192K)
 Metaspace       used 178312K, committed 180928K, reserved 1245184K
  class space    used 23220K, committed 24576K, reserved 1048576K
}
Event: 2016.396 GC heap before
{Heap before GC invocations=94 (full 0):
 garbage-first heap   total 385024K, used 356795K [0x0000000080000000, 0x0000000100000000)
  region size 1024K, 149 young (152576K), 8 survivors (8192K)
 Metaspace       used 179448K, committed 182208K, reserved 1245184K
  class space    used 23095K, committed 24704K, reserved 1048576K
}
Event: 2016.428 GC heap after
{Heap after GC invocations=95 (full 0):
 garbage-first heap   total 385024K, used 223675K [0x0000000080000000, 0x0000000100000000)
  region size 1024K, 18 young (18432K), 18 survivors (18432K)
 Metaspace       used 179448K, committed 182208K, reserved 1245184K
  class space    used 23095K, committed 24704K, reserved 1048576K
}
Event: 2022.028 GC heap before
{Heap before GC invocations=95 (full 0):
 garbage-first heap   total 385024K, used 345531K [0x0000000080000000, 0x0000000100000000)
  region size 1024K, 137 young (140288K), 18 survivors (18432K)
 Metaspace       used 179449K, committed 182208K, reserved 1245184K
  class space    used 23095K, committed 24704K, reserved 1048576K
}
Event: 2022.098 GC heap after
{Heap after GC invocations=96 (full 0):
 garbage-first heap   total 385024K, used 213490K [0x0000000080000000, 0x0000000100000000)
  region size 1024K, 8 young (8192K), 8 survivors (8192K)
 Metaspace       used 179449K, committed 182208K, reserved 1245184K
  class space    used 23095K, committed 24704K, reserved 1048576K
}
Event: 2033.380 GC heap before
{Heap before GC invocations=96 (full 0):
 garbage-first heap   total 385024K, used 349682K [0x0000000080000000, 0x0000000100000000)
  region size 1024K, 141 young (144384K), 8 survivors (8192K)
 Metaspace       used 179449K, committed 182208K, reserved 1245184K
  class space    used 23095K, committed 24704K, reserved 1048576K
}
Event: 2033.398 GC heap after
{Heap after GC invocations=97 (full 0):
 garbage-first heap   total 385024K, used 217586K [0x0000000080000000, 0x0000000100000000)
  region size 1024K, 12 young (12288K), 12 survivors (12288K)
 Metaspace       used 179449K, committed 182208K, reserved 1245184K
  class space    used 23095K, committed 24704K, reserved 1048576K
}
Event: 2039.608 GC heap before
{Heap before GC invocations=98 (full 0):
 garbage-first heap   total 385024K, used 351730K [0x0000000080000000, 0x0000000100000000)
  region size 1024K, 143 young (146432K), 12 survivors (12288K)
 Metaspace       used 179451K, committed 182208K, reserved 1245184K
  class space    used 23095K, committed 24704K, reserved 1048576K
}
Event: 2039.639 GC heap after
{Heap after GC invocations=99 (full 0):
 garbage-first heap   total 385024K, used 222411K [0x0000000080000000, 0x0000000100000000)
  region size 1024K, 12 young (12288K), 12 survivors (12288K)
 Metaspace       used 179451K, committed 182208K, reserved 1245184K
  class space    used 23095K, committed 24704K, reserved 1048576K
}
Event: 2044.185 GC heap before
{Heap before GC invocations=99 (full 0):
 garbage-first heap   total 385024K, used 351435K [0x0000000080000000, 0x0000000100000000)
  region size 1024K, 138 young (141312K), 12 survivors (12288K)
 Metaspace       used 179451K, committed 182208K, reserved 1245184K
  class space    used 23095K, committed 24704K, reserved 1048576K
}
Event: 2044.225 GC heap after
{Heap after GC invocations=100 (full 0):
 garbage-first heap   total 385024K, used 212992K [0x0000000080000000, 0x0000000100000000)
  region size 1024K, 11 young (11264K), 11 survivors (11264K)
 Metaspace       used 179451K, committed 182208K, reserved 1245184K
  class space    used 23095K, committed 24704K, reserved 1048576K
}
Event: 2047.160 GC heap before
{Heap before GC invocations=100 (full 0):
 garbage-first heap   total 385024K, used 266240K [0x0000000080000000, 0x0000000100000000)
  region size 1024K, 65 young (66560K), 11 survivors (11264K)
 Metaspace       used 180102K, committed 182464K, reserved 1245184K
  class space    used 23165K, committed 24704K, reserved 1048576K
}
Event: 2047.190 GC heap after
{Heap after GC invocations=101 (full 0):
 garbage-first heap   total 385024K, used 216060K [0x0000000080000000, 0x0000000100000000)
  region size 1024K, 9 young (9216K), 9 survivors (9216K)
 Metaspace       used 180102K, committed 182464K, reserved 1245184K
  class space    used 23165K, committed 24704K, reserved 1048576K
}
Event: 2064.197 GC heap before
{Heap before GC invocations=102 (full 0):
 garbage-first heap   total 385024K, used 352252K [0x0000000080000000, 0x0000000100000000)
  region size 1024K, 141 young (144384K), 9 survivors (9216K)
 Metaspace       used 189766K, committed 191424K, reserved 1245184K
  class space    used 24392K, committed 25216K, reserved 1048576K
}
Event: 2064.233 GC heap after
{Heap after GC invocations=103 (full 0):
 garbage-first heap   total 385024K, used 225209K [0x0000000080000000, 0x0000000100000000)
  region size 1024K, 18 young (18432K), 18 survivors (18432K)
 Metaspace       used 189766K, committed 191424K, reserved 1245184K
  class space    used 24392K, committed 25216K, reserved 1048576K
}

